<?xml version="1.0" encoding="UTF-8"?>
<testng-results skipped="0" failed="0" ignored="0" total="2" passed="2">
  <reporter-output>
  </reporter-output>
  <suite name="Default suite" duration-ms="42302" started-at="2019-08-15T12:56:33Z" finished-at="2019-08-15T12:57:16Z">
    <groups>
      <group name="cucumber">
        <method signature="TestRunner.feature(cucumber.api.testng.CucumberFeatureWrapper)[pri:0, instance:cucumberOptions.TestRunner@4566e5bd]" name="feature" class="cucumberOptions.TestRunner"/>
      </group> <!-- cucumber -->
    </groups>
    <test name="Default test" duration-ms="42302" started-at="2019-08-15T12:56:33Z" finished-at="2019-08-15T12:57:16Z">
      <class name="cucumberOptions.TestRunner">
        <test-method status="PASS" signature="setUpClass()[pri:0, instance:cucumberOptions.TestRunner@4566e5bd]" name="setUpClass" is-config="true" duration-ms="252" started-at="2019-08-15T12:56:33Z" finished-at="2019-08-15T12:56:34Z">
          <reporter-output>
          </reporter-output>
        </test-method> <!-- setUpClass -->
        <test-method status="PASS" signature="feature(cucumber.api.testng.CucumberFeatureWrapper)[pri:0, instance:cucumberOptions.TestRunner@4566e5bd]" name="feature" duration-ms="21622" started-at="2019-08-15T12:56:34Z" description="Runs Cucumber Feature" data-provider="features" finished-at="2019-08-15T12:56:55Z">
          <params>
            <param index="0">
              <value>
                <![CDATA[Login into Application]]>
              </value>
            </param>
          </params>
          <reporter-output>
          </reporter-output>
        </test-method> <!-- feature -->
        <test-method status="PASS" signature="feature(cucumber.api.testng.CucumberFeatureWrapper)[pri:0, instance:cucumberOptions.TestRunner@4566e5bd]" name="feature" duration-ms="20324" started-at="2019-08-15T12:56:55Z" description="Runs Cucumber Feature" data-provider="features" finished-at="2019-08-15T12:57:16Z">
          <params>
            <param index="0">
              <value>
                <![CDATA[Login error Application]]>
              </value>
            </param>
          </params>
          <reporter-output>
          </reporter-output>
        </test-method> <!-- feature -->
        <test-method status="PASS" signature="tearDownClass()[pri:0, instance:cucumberOptions.TestRunner@4566e5bd]" name="tearDownClass" is-config="true" duration-ms="14" started-at="2019-08-15T12:57:16Z" finished-at="2019-08-15T12:57:16Z">
          <reporter-output>
          </reporter-output>
        </test-method> <!-- tearDownClass -->
      </class> <!-- cucumberOptions.TestRunner -->
    </test> <!-- Default test -->
  </suite> <!-- Default suite -->
</testng-results>
